<?xml version="1.0" encoding="UTF-8"?>
<Site BuildName="(empty)"
	BuildStamp="20230906-0615-Experimental"
	Name="ros-NUC10i7FNH"
	Generator="ctest-3.16.3"
	CompilerName="/bin/c++"
	CompilerVersion="9.4.0"
	OSName="Linux"
	Hostname="ros-NUC10i7FNH"
	OSRelease="5.15.0-67-generic"
	OSVersion="#74~20.04.1-Ubuntu SMP Wed Feb 22 14:52:34 UTC 2023"
	OSPlatform="x86_64"
	Is64Bits="1"
	VendorString="GenuineIntel"
	VendorID="Intel Corporation"
	FamilyID="6"
	ModelID="166"
	ProcessorCacheSize="12288"
	NumberOfLogicalCPU="12"
	NumberOfPhysicalCPU="6"
	TotalVirtualMemory="2047"
	TotalPhysicalMemory="15712"
	LogicalProcessorsPerPhysical="2"
	ProcessorClockFrequency="3276.33"
	>
	<Testing>
		<StartDateTime>Sep 06 11:10 CEST</StartDateTime>
		<StartTestTime>1693991428</StartTestTime>
		<TestList/>
		<EndDateTime>Sep 06 11:10 CEST</EndDateTime>
		<EndTestTime>1693991428</EndTestTime>
		<ElapsedMinutes>0</ElapsedMinutes>
	</Testing>
</Site>
